# JRE version: OpenJDK Runtime Environment (20.0.2+9) (build 20.0.2+9-78)
# Java VM: OpenJDK 64-Bit Server VM (20.0.2+9-78, mixed mode, sharing, tiered, compressed oops, compressed class ptrs, g1 gc, windows-amd64)
GC Precious Log:
 CardTable entry size: 512
 Card Set container configuration: InlinePtr #cards 5 size 8 Array Of Cards #cards 12 size 40 Howl #buckets 4 coarsen threshold 1843 Howl Bitmap #cards 512 size 80 coarsen threshold 460 Card regions per heap region 1 cards per card region 2048
 CPUs: 8 total, 8 available
 Memory: 7926M
 Large Page Support: Disabled
 NUMA Support: Disabled
 Compressed Oops: Enabled (32-bit)
 Heap Region Size: 1M
 Heap Min Capacity: 8M
 Heap Initial Capacity: 124M
 Heap Max Capacity: 1982M
 Pre-touch: Disabled
 Parallel Workers: 8
 Concurrent Workers: 2
 Concurrent Refinement Workers: 8
 Periodic GC: Disabled
Heap:
 garbage-first heap   total 53248K, used 34967K [0x0000000084200000, 0x0000000100000000)
  region size 1024K, 7 young (7168K), 1 survivors (1024K)
 Metaspace       used 64101K, committed 64640K, reserved 1114112K
  class space    used 8258K, committed 8512K, reserved 1048576K
GC Heap History (20 events):
Event: 8.491 GC heap before
{Heap before GC invocations=9 (full 0):
 garbage-first heap   total 51200K, used 42893K [0x0000000084200000, 0x0000000100000000)
  region size 1024K, 25 young (25600K), 4 survivors (4096K)
 Metaspace       used 49972K, committed 50304K, reserved 1114112K
  class space    used 6505K, committed 6656K, reserved 1048576K
}
Event: 8.497 GC heap after
{Heap after GC invocations=10 (full 0):
 garbage-first heap   total 51200K, used 22237K [0x0000000084200000, 0x0000000100000000)
  region size 1024K, 2 young (2048K), 2 survivors (2048K)
 Metaspace       used 49972K, committed 50304K, reserved 1114112K
  class space    used 6505K, committed 6656K, reserved 1048576K
}
Event: 8.773 GC heap before
{Heap before GC invocations=10 (full 0):
 garbage-first heap   total 51200K, used 41693K [0x0000000084200000, 0x0000000100000000)
  region size 1024K, 22 young (22528K), 2 survivors (2048K)
 Metaspace       used 53233K, committed 53632K, reserved 1114112K
  class space    used 6943K, committed 7168K, reserved 1048576K
}
Event: 8.776 GC heap after
{Heap after GC invocations=11 (full 0):
 garbage-first heap   total 51200K, used 23546K [0x0000000084200000, 0x0000000100000000)
  region size 1024K, 3 young (3072K), 3 survivors (3072K)
 Metaspace       used 53233K, committed 53632K, reserved 1114112K
  class space    used 6943K, committed 7168K, reserved 1048576K
}
Event: 9.278 GC heap before
{Heap before GC invocations=11 (full 0):
 garbage-first heap   total 51200K, used 44026K [0x0000000084200000, 0x0000000100000000)
  region size 1024K, 23 young (23552K), 3 survivors (3072K)
 Metaspace       used 55097K, committed 55616K, reserved 1114112K
  class space    used 7184K, committed 7424K, reserved 1048576K
}
Event: 9.283 GC heap after
{Heap after GC invocations=12 (full 0):
 garbage-first heap   total 51200K, used 25155K [0x0000000084200000, 0x0000000100000000)
  region size 1024K, 3 young (3072K), 3 survivors (3072K)
 Metaspace       used 55097K, committed 55616K, reserved 1114112K
  class space    used 7184K, committed 7424K, reserved 1048576K
}
Event: 10.053 GC heap before
{Heap before GC invocations=12 (full 0):
 garbage-first heap   total 51200K, used 44611K [0x0000000084200000, 0x0000000100000000)
  region size 1024K, 22 young (22528K), 3 survivors (3072K)
 Metaspace       used 58501K, committed 58944K, reserved 1114112K
  class space    used 7582K, committed 7808K, reserved 1048576K
}
Event: 10.058 GC heap after
{Heap after GC invocations=13 (full 0):
 garbage-first heap   total 51200K, used 27030K [0x0000000084200000, 0x0000000100000000)
  region size 1024K, 2 young (2048K), 2 survivors (2048K)
 Metaspace       used 58501K, committed 58944K, reserved 1114112K
  class space    used 7582K, committed 7808K, reserved 1048576K
}
Event: 10.292 GC heap before
{Heap before GC invocations=13 (full 0):
 garbage-first heap   total 51200K, used 40342K [0x0000000084200000, 0x0000000100000000)
  region size 1024K, 16 young (16384K), 2 survivors (2048K)
 Metaspace       used 60179K, committed 60608K, reserved 1114112K
  class space    used 7809K, committed 8000K, reserved 1048576K
}
Event: 10.294 GC heap after
{Heap after GC invocations=14 (full 0):
 garbage-first heap   total 51200K, used 28475K [0x0000000084200000, 0x0000000100000000)
  region size 1024K, 2 young (2048K), 2 survivors (2048K)
 Metaspace       used 60179K, committed 60608K, reserved 1114112K
  class space    used 7809K, committed 8000K, reserved 1048576K
}
Event: 18.238 GC heap before
{Heap before GC invocations=15 (full 0):
 garbage-first heap   total 53248K, used 42811K [0x0000000084200000, 0x0000000100000000)
  region size 1024K, 17 young (17408K), 2 survivors (2048K)
 Metaspace       used 62670K, committed 63168K, reserved 1114112K
  class space    used 8154K, committed 8384K, reserved 1048576K
}
Event: 18.243 GC heap after
{Heap after GC invocations=16 (full 0):
 garbage-first heap   total 53248K, used 29932K [0x0000000084200000, 0x0000000100000000)
  region size 1024K, 3 young (3072K), 3 survivors (3072K)
 Metaspace       used 62670K, committed 63168K, reserved 1114112K
  class space    used 8154K, committed 8384K, reserved 1048576K
}
Event: 131.014 GC heap before
{Heap before GC invocations=16 (full 0):
 garbage-first heap   total 53248K, used 45292K [0x0000000084200000, 0x0000000100000000)
  region size 1024K, 18 young (18432K), 3 survivors (3072K)
 Metaspace       used 63882K, committed 64384K, reserved 1114112K
  class space    used 8247K, committed 8512K, reserved 1048576K
}
Event: 131.083 GC heap after
{Heap after GC invocations=17 (full 0):
 garbage-first heap   total 53248K, used 30132K [0x0000000084200000, 0x0000000100000000)
  region size 1024K, 3 young (3072K), 3 survivors (3072K)
 Metaspace       used 63882K, committed 64384K, reserved 1114112K
  class space    used 8247K, committed 8512K, reserved 1048576K
}
Event: 425.225 GC heap before
{Heap before GC invocations=17 (full 0):
 garbage-first heap   total 53248K, used 44468K [0x0000000084200000, 0x0000000100000000)
  region size 1024K, 17 young (17408K), 3 survivors (3072K)
 Metaspace       used 64067K, committed 64640K, reserved 1114112K
  class space    used 8255K, committed 8512K, reserved 1048576K
}
Event: 425.266 GC heap after
{Heap after GC invocations=18 (full 0):
 garbage-first heap   total 53248K, used 30311K [0x0000000084200000, 0x0000000100000000)
  region size 1024K, 1 young (1024K), 1 survivors (1024K)
 Metaspace       used 64067K, committed 64640K, reserved 1114112K
  class space    used 8255K, committed 8512K, reserved 1048576K
}
Event: 875.478 GC heap before
{Heap before GC invocations=19 (full 0):
 garbage-first heap   total 53248K, used 47719K [0x0000000084200000, 0x0000000100000000)
  region size 1024K, 18 young (18432K), 1 survivors (1024K)
 Metaspace       used 64076K, committed 64640K, reserved 1114112K
  class space    used 8255K, committed 8512K, reserved 1048576K
}
Event: 875.567 GC heap after
{Heap after GC invocations=20 (full 0):
 garbage-first heap   total 53248K, used 30171K [0x0000000084200000, 0x0000000100000000)
  region size 1024K, 1 young (1024K), 1 survivors (1024K)
 Metaspace       used 64076K, committed 64640K, reserved 1114112K
  class space    used 8255K, committed 8512K, reserved 1048576K
}
Event: 1327.426 GC heap before
{Heap before GC invocations=20 (full 0):
 garbage-first heap   total 53248K, used 47579K [0x0000000084200000, 0x0000000100000000)
  region size 1024K, 18 young (18432K), 1 survivors (1024K)
 Metaspace       used 64088K, committed 64640K, reserved 1114112K
  class space    used 8255K, committed 8512K, reserved 1048576K
}
Event: 1327.513 GC heap after
{Heap after GC invocations=21 (full 0):
 garbage-first heap   total 53248K, used 29847K [0x0000000084200000, 0x0000000100000000)
  region size 1024K, 1 young (1024K), 1 survivors (1024K)
 Metaspace       used 64088K, committed 64640K, reserved 1114112K
  class space    used 8255K, committed 8512K, reserved 1048576K
}

