# JRE version: OpenJDK Runtime Environment (20.0.2+9) (build 20.0.2+9-78)
# Java VM: OpenJDK 64-Bit Server VM (20.0.2+9-78, mixed mode, sharing, tiered, compressed oops, compressed class ptrs, g1 gc, windows-amd64)
GC Precious Log:
 CardTable entry size: 512
 Card Set container configuration: InlinePtr #cards 5 size 8 Array Of Cards #cards 12 size 40 Howl #buckets 4 coarsen threshold 1843 Howl Bitmap #cards 512 size 80 coarsen threshold 460 Card regions per heap region 1 cards per card region 2048
 CPUs: 8 total, 8 available
 Memory: 7926M
 Large Page Support: Disabled
 NUMA Support: Disabled
 Compressed Oops: Enabled (32-bit)
 Heap Region Size: 1M
 Heap Min Capacity: 8M
 Heap Initial Capacity: 124M
 Heap Max Capacity: 1982M
 Pre-touch: Disabled
 Parallel Workers: 8
 Concurrent Workers: 2
 Concurrent Refinement Workers: 8
 Periodic GC: Disabled
Heap:
 garbage-first heap   total 110592K, used 108737K [0x0000000084200000, 0x0000000100000000)
  region size 1024K, 46 young (47104K), 1 survivors (1024K)
 Metaspace       used 70522K, committed 71040K, reserved 1114112K
  class space    used 8623K, committed 8896K, reserved 1048576K
GC Heap History (20 events):
Event: 2785.644 GC heap after
{Heap after GC invocations=113 (full 0):
 garbage-first heap   total 114688K, used 29744K [0x0000000084200000, 0x0000000100000000)
  region size 1024K, 2 young (2048K), 2 survivors (2048K)
 Metaspace       used 70508K, committed 71040K, reserved 1114112K
  class space    used 8620K, committed 8896K, reserved 1048576K
}
Event: 2793.859 GC heap before
{Heap before GC invocations=113 (full 0):
 garbage-first heap   total 114688K, used 111664K [0x0000000084200000, 0x0000000100000000)
  region size 1024K, 50 young (51200K), 2 survivors (2048K)
 Metaspace       used 70511K, committed 71040K, reserved 1114112K
  class space    used 8620K, committed 8896K, reserved 1048576K
}
Event: 2793.863 GC heap after
{Heap after GC invocations=114 (full 0):
 garbage-first heap   total 117760K, used 30633K [0x0000000084200000, 0x0000000100000000)
  region size 1024K, 3 young (3072K), 3 survivors (3072K)
 Metaspace       used 70511K, committed 71040K, reserved 1114112K
  class space    used 8620K, committed 8896K, reserved 1048576K
}
Event: 2794.012 GC heap before
{Heap before GC invocations=114 (full 0):
 garbage-first heap   total 117760K, used 30633K [0x0000000084200000, 0x0000000100000000)
  region size 1024K, 5 young (5120K), 3 survivors (3072K)
 Metaspace       used 70511K, committed 71040K, reserved 1114112K
  class space    used 8620K, committed 8896K, reserved 1048576K
}
Event: 2794.014 GC heap after
{Heap after GC invocations=115 (full 0):
 garbage-first heap   total 117760K, used 30626K [0x0000000084200000, 0x0000000100000000)
  region size 1024K, 3 young (3072K), 3 survivors (3072K)
 Metaspace       used 70511K, committed 71040K, reserved 1114112K
  class space    used 8620K, committed 8896K, reserved 1048576K
}
Event: 2794.108 GC heap before
{Heap before GC invocations=116 (full 0):
 garbage-first heap   total 117760K, used 33698K [0x0000000084200000, 0x0000000100000000)
  region size 1024K, 6 young (6144K), 3 survivors (3072K)
 Metaspace       used 70512K, committed 71040K, reserved 1114112K
  class space    used 8620K, committed 8896K, reserved 1048576K
}
Event: 2794.111 GC heap after
{Heap after GC invocations=117 (full 0):
 garbage-first heap   total 117760K, used 29760K [0x0000000084200000, 0x0000000100000000)
  region size 1024K, 2 young (2048K), 2 survivors (2048K)
 Metaspace       used 70512K, committed 71040K, reserved 1114112K
  class space    used 8620K, committed 8896K, reserved 1048576K
}
Event: 2800.274 GC heap before
{Heap before GC invocations=118 (full 0):
 garbage-first heap   total 117760K, used 115776K [0x0000000084200000, 0x0000000100000000)
  region size 1024K, 51 young (52224K), 2 survivors (2048K)
 Metaspace       used 70512K, committed 71040K, reserved 1114112K
  class space    used 8620K, committed 8896K, reserved 1048576K
}
Event: 2800.276 GC heap after
{Heap after GC invocations=119 (full 0):
 garbage-first heap   total 119808K, used 28711K [0x0000000084200000, 0x0000000100000000)
  region size 1024K, 1 young (1024K), 1 survivors (1024K)
 Metaspace       used 70512K, committed 71040K, reserved 1114112K
  class space    used 8620K, committed 8896K, reserved 1048576K
}
Event: 2809.060 GC heap before
{Heap before GC invocations=119 (full 0):
 garbage-first heap   total 119808K, used 116775K [0x0000000084200000, 0x0000000100000000)
  region size 1024K, 53 young (54272K), 1 survivors (1024K)
 Metaspace       used 70512K, committed 71040K, reserved 1114112K
  class space    used 8620K, committed 8896K, reserved 1048576K
}
Event: 2809.064 GC heap after
{Heap after GC invocations=120 (full 0):
 garbage-first heap   total 122880K, used 30417K [0x0000000084200000, 0x0000000100000000)
  region size 1024K, 3 young (3072K), 3 survivors (3072K)
 Metaspace       used 70512K, committed 71040K, reserved 1114112K
  class space    used 8620K, committed 8896K, reserved 1048576K
}
Event: 2809.065 GC heap before
{Heap before GC invocations=120 (full 0):
 garbage-first heap   total 122880K, used 30417K [0x0000000084200000, 0x0000000100000000)
  region size 1024K, 4 young (4096K), 3 survivors (3072K)
 Metaspace       used 70512K, committed 71040K, reserved 1114112K
  class space    used 8620K, committed 8896K, reserved 1048576K
}
Event: 2809.067 GC heap after
{Heap after GC invocations=121 (full 0):
 garbage-first heap   total 122880K, used 30419K [0x0000000084200000, 0x0000000100000000)
  region size 1024K, 3 young (3072K), 3 survivors (3072K)
 Metaspace       used 70512K, committed 71040K, reserved 1114112K
  class space    used 8620K, committed 8896K, reserved 1048576K
}
Event: 2815.511 GC heap before
{Heap before GC invocations=122 (full 0):
 garbage-first heap   total 112640K, used 110291K [0x0000000084200000, 0x0000000100000000)
  region size 1024K, 49 young (50176K), 3 survivors (3072K)
 Metaspace       used 70512K, committed 71040K, reserved 1114112K
  class space    used 8620K, committed 8896K, reserved 1048576K
}
Event: 2815.515 GC heap after
{Heap after GC invocations=123 (full 0):
 garbage-first heap   total 115712K, used 29745K [0x0000000084200000, 0x0000000100000000)
  region size 1024K, 2 young (2048K), 2 survivors (2048K)
 Metaspace       used 70512K, committed 71040K, reserved 1114112K
  class space    used 8620K, committed 8896K, reserved 1048576K
}
Event: 2824.325 GC heap before
{Heap before GC invocations=123 (full 0):
 garbage-first heap   total 115712K, used 112689K [0x0000000084200000, 0x0000000100000000)
  region size 1024K, 50 young (51200K), 2 survivors (2048K)
 Metaspace       used 70512K, committed 71040K, reserved 1114112K
  class space    used 8620K, committed 8896K, reserved 1048576K
}
Event: 2824.331 GC heap after
{Heap after GC invocations=124 (full 0):
 garbage-first heap   total 117760K, used 29563K [0x0000000084200000, 0x0000000100000000)
  region size 1024K, 2 young (2048K), 2 survivors (2048K)
 Metaspace       used 70512K, committed 71040K, reserved 1114112K
  class space    used 8620K, committed 8896K, reserved 1048576K
}
Event: 2824.615 GC heap before
{Heap before GC invocations=124 (full 0):
 garbage-first heap   total 117760K, used 30587K [0x0000000084200000, 0x0000000100000000)
  region size 1024K, 4 young (4096K), 2 survivors (2048K)
 Metaspace       used 70512K, committed 71040K, reserved 1114112K
  class space    used 8620K, committed 8896K, reserved 1048576K
}
Event: 2824.618 GC heap after
{Heap after GC invocations=125 (full 0):
 garbage-first heap   total 117760K, used 29889K [0x0000000084200000, 0x0000000100000000)
  region size 1024K, 2 young (2048K), 2 survivors (2048K)
 Metaspace       used 70512K, committed 71040K, reserved 1114112K
  class space    used 8620K, committed 8896K, reserved 1048576K
}
Event: 2830.730 GC heap before
{Heap before GC invocations=126 (full 0):
 garbage-first heap   total 109568K, used 107713K [0x0000000084200000, 0x0000000100000000)
  region size 1024K, 47 young (48128K), 2 survivors (2048K)
 Metaspace       used 70522K, committed 71040K, reserved 1114112K
  class space    used 8623K, committed 8896K, reserved 1048576K
}

